car-dashboard/app/build/intermediates/manifest_merge_blame_file/debug/processDebugMainManifest/manifest-merger-blame-debug-report.txt
1<?xml version="1.0" encoding="utf-8"?>
2<manifest xmlns:android="http://schemas.android.com/apk/res/android"
3    package="com.dashboard.app"
4    android:versionCode="1"
5    android:versionName="1.0" >
6
7    <uses-sdk
8        android:minSdkVersion="29"
9        android:targetSdkVersion="34" />
10
11    <uses-permission android:name="android.permission.ACCESS_FINE_LOCATION" />
11-->src\main\AndroidManifest.xml:5:5-79
11-->src\main\AndroidManifest.xml:5:22-76
12    <uses-permission android:name="android.permission.ACCESS_COARSE_LOCATION" />
12-->src\main\AndroidManifest.xml:6:5-81
12-->src\main\AndroidManifest.xml:6:22-78
13    <uses-permission android:name="android.permission.INTERNET" />
13-->src\main\AndroidManifest.xml:7:5-67
13-->src\main\AndroidManifest.xml:7:22-64
14    <uses-permission android:name="android.permission.ACCESS_NETWORK_STATE" />
14-->src\main\AndroidManifest.xml:8:5-79
14-->src\main\AndroidManifest.xml:8:22-76
15    <uses-permission
15-->src\main\AndroidManifest.xml:9:5-107
16        android:name="android.permission.READ_EXTERNAL_STORAGE"
16-->src\main\AndroidManifest.xml:9:22-77
17        android:maxSdkVersion="32" />
17-->src\main\AndroidManifest.xml:9:78-104
18    <uses-permission android:name="android.permission.READ_MEDIA_IMAGES" />
18-->src\main\AndroidManifest.xml:10:5-76
18-->src\main\AndroidManifest.xml:10:22-73
19    <uses-permission
19-->src\main\AndroidManifest.xml:11:5-95
20        android:name="android.permission.BLUETOOTH"
20-->src\main\AndroidManifest.xml:11:22-65
21        android:maxSdkVersion="30" />
21-->src\main\AndroidManifest.xml:11:66-92
22    <uses-permission
22-->src\main\AndroidManifest.xml:12:5-101
23        android:name="android.permission.BLUETOOTH_ADMIN"
23-->src\main\AndroidManifest.xml:12:22-71
24        android:maxSdkVersion="30" />
24-->src\main\AndroidManifest.xml:12:72-98
25    <uses-permission android:name="android.permission.BLUETOOTH_SCAN" />
25-->src\main\AndroidManifest.xml:13:5-73
25-->src\main\AndroidManifest.xml:13:22-70
26    <uses-permission android:name="android.permission.BLUETOOTH_CONNECT" />
26-->src\main\AndroidManifest.xml:14:5-76
26-->src\main\AndroidManifest.xml:14:22-73
27    <uses-permission android:name="android.permission.BIND_NOTIFICATION_LISTENER_SERVICE" />
27-->src\main\AndroidManifest.xml:15:5-93
27-->src\main\AndroidManifest.xml:15:22-90
28
29    <permission
29-->[androidx.core:core:1.13.1] AndroidManifest.xml:22:5-24:47
30        android:name="com.dashboard.app.DYNAMIC_RECEIVER_NOT_EXPORTED_PERMISSION"
30-->[androidx.core:core:1.13.1] AndroidManifest.xml:23:9-81
31        android:protectionLevel="signature" />
31-->[androidx.core:core:1.13.1] AndroidManifest.xml:24:9-44
32
33    <uses-permission android:name="com.dashboard.app.DYNAMIC_RECEIVER_NOT_EXPORTED_PERMISSION" />
33-->[androidx.core:core:1.13.1] AndroidManifest.xml:26:5-97
33-->[androidx.core:core:1.13.1] AndroidManifest.xml:26:22-94
34
35    <supports-screens
35-->[org.osmdroid:osmdroid-android:6.1.18] AndroidManifest.xml:9:5-12:40
36        android:anyDensity="true"
36-->[org.osmdroid:osmdroid-android:6.1.18] AndroidManifest.xml:10:9-34
37        android:largeScreens="true"
37-->[org.osmdroid:osmdroid-android:6.1.18] AndroidManifest.xml:11:9-36
38        android:normalScreens="true" />
38-->[org.osmdroid:osmdroid-android:6.1.18] AndroidManifest.xml:12:9-37
39
40    <uses-feature
40-->[org.osmdroid:osmdroid-android:6.1.18] AndroidManifest.xml:14:5-16:36
41        android:name="android.hardware.location.network"
41-->[org.osmdroid:osmdroid-android:6.1.18] AndroidManifest.xml:15:9-57
42        android:required="false" />
42-->[org.osmdroid:osmdroid-android:6.1.18] AndroidManifest.xml:16:9-33
43    <uses-feature
43-->[org.osmdroid:osmdroid-android:6.1.18] AndroidManifest.xml:17:5-19:36
44        android:name="android.hardware.location.gps"
44-->[org.osmdroid:osmdroid-android:6.1.18] AndroidManifest.xml:18:9-53
45        android:required="false" />
45-->[org.osmdroid:osmdroid-android:6.1.18] AndroidManifest.xml:19:9-33
46    <uses-feature
46-->[org.osmdroid:osmdroid-android:6.1.18] AndroidManifest.xml:20:5-22:36
47        android:name="android.hardware.telephony"
47-->[org.osmdroid:osmdroid-android:6.1.18] AndroidManifest.xml:21:9-50
48        android:required="false" />
48-->[org.osmdroid:osmdroid-android:6.1.18] AndroidManifest.xml:22:9-33
49    <uses-feature
49-->[org.osmdroid:osmdroid-android:6.1.18] AndroidManifest.xml:23:5-25:36
50        android:name="android.hardware.wifi"
50-->[org.osmdroid:osmdroid-android:6.1.18] AndroidManifest.xml:24:9-45
51        android:required="false" />
51-->[org.osmdroid:osmdroid-android:6.1.18] AndroidManifest.xml:25:9-33
52
53    <application
53-->src\main\AndroidManifest.xml:17:5-49:19
54        android:allowBackup="true"
54-->src\main\AndroidManifest.xml:18:9-35
55        android:appComponentFactory="androidx.core.app.CoreComponentFactory"
55-->[androidx.core:core:1.13.1] AndroidManifest.xml:28:18-86
56        android:debuggable="true"
57        android:extractNativeLibs="false"
58        android:label="@string/app_name"
58-->src\main\AndroidManifest.xml:19:9-41
59        android:networkSecurityConfig="@xml/network_security_config"
59-->src\main\AndroidManifest.xml:20:9-69
60        android:supportsRtl="true"
60-->src\main\AndroidManifest.xml:21:9-35
61        android:theme="@style/Theme.CarDashboard" >
61-->src\main\AndroidManifest.xml:22:9-50
62        <meta-data
62-->src\main\AndroidManifest.xml:25:9-27:49
63            android:name="com.google.android.geo.API_KEY"
63-->src\main\AndroidManifest.xml:26:13-58
64            android:value="YOUR_API_KEY_HERE" />
64-->src\main\AndroidManifest.xml:27:13-46
65
66        <activity
66-->src\main\AndroidManifest.xml:29:9-39:20
67            android:name="com.dashboard.app.MainActivity"
67-->src\main\AndroidManifest.xml:30:13-41
68            android:exported="true"
68-->src\main\AndroidManifest.xml:31:13-36
69            android:keepScreenOn="true"
69-->src\main\AndroidManifest.xml:33:13-40
70            android:resizeableActivity="true"
70-->src\main\AndroidManifest.xml:34:13-46
71            android:screenOrientation="landscape" >
71-->src\main\AndroidManifest.xml:32:13-50
72            <intent-filter>
72-->src\main\AndroidManifest.xml:35:13-38:29
73                <action android:name="android.intent.action.MAIN" />
73-->src\main\AndroidManifest.xml:36:17-69
73-->src\main\AndroidManifest.xml:36:25-66
74
75                <category android:name="android.intent.category.LAUNCHER" />
75-->src\main\AndroidManifest.xml:37:17-77
75-->src\main\AndroidManifest.xml:37:27-74
76            </intent-filter>
77        </activity>
78
79        <service
79-->src\main\AndroidManifest.xml:41:9-48:19
80            android:name="com.dashboard.app.WazeNotificationListener"
80-->src\main\AndroidManifest.xml:42:13-53
81            android:exported="true"
81-->src\main\AndroidManifest.xml:43:13-36
82            android:permission="android.permission.BIND_NOTIFICATION_LISTENER_SERVICE" >
82-->src\main\AndroidManifest.xml:44:13-87
83            <intent-filter>
83-->src\main\AndroidManifest.xml:45:13-47:29
84                <action android:name="android.service.notification.NotificationListenerService" />
84-->src\main\AndroidManifest.xml:46:17-99
84-->src\main\AndroidManifest.xml:46:25-96
85            </intent-filter>
86        </service>
87
88        <activity
88-->[com.google.android.gms:play-services-base:18.5.0] AndroidManifest.xml:5:9-173
89            android:name="com.google.android.gms.common.api.GoogleApiActivity"
89-->[com.google.android.gms:play-services-base:18.5.0] AndroidManifest.xml:5:19-85
90            android:exported="false"
90-->[com.google.android.gms:play-services-base:18.5.0] AndroidManifest.xml:5:146-170
91            android:theme="@android:style/Theme.Translucent.NoTitleBar" />
91-->[com.google.android.gms:play-services-base:18.5.0] AndroidManifest.xml:5:86-145
92
93        <meta-data
93-->[com.google.android.gms:play-services-basement:18.4.0] AndroidManifest.xml:6:9-122
94            android:name="com.google.android.gms.version"
94-->[com.google.android.gms:play-services-basement:18.4.0] AndroidManifest.xml:6:20-65
95            android:value="@integer/google_play_services_version" />
95-->[com.google.android.gms:play-services-basement:18.4.0] AndroidManifest.xml:6:66-119
96
97        <activity
97-->[androidx.compose.ui:ui-tooling-android:1.6.8] AndroidManifest.xml:23:9-25:39
98            android:name="androidx.compose.ui.tooling.PreviewActivity"
98-->[androidx.compose.ui:ui-tooling-android:1.6.8] AndroidManifest.xml:24:13-71
99            android:exported="true" />
99-->[androidx.compose.ui:ui-tooling-android:1.6.8] AndroidManifest.xml:25:13-36
100
101        <provider
101-->[androidx.emoji2:emoji2:1.3.0] AndroidManifest.xml:24:9-32:20
102            android:name="androidx.startup.InitializationProvider"
102-->[androidx.emoji2:emoji2:1.3.0] AndroidManifest.xml:25:13-67
103            android:authorities="com.dashboard.app.androidx-startup"
103-->[androidx.emoji2:emoji2:1.3.0] AndroidManifest.xml:26:13-68
104            android:exported="false" >
104-->[androidx.emoji2:emoji2:1.3.0] AndroidManifest.xml:27:13-37
105            <meta-data
105-->[androidx.emoji2:emoji2:1.3.0] AndroidManifest.xml:29:13-31:52
106                android:name="androidx.emoji2.text.EmojiCompatInitializer"
106-->[androidx.emoji2:emoji2:1.3.0] AndroidManifest.xml:30:17-75
107                android:value="androidx.startup" />
107-->[androidx.emoji2:emoji2:1.3.0] AndroidManifest.xml:31:17-49
108            <meta-data
108-->[androidx.lifecycle:lifecycle-process:2.8.3] AndroidManifest.xml:29:13-31:52
109                android:name="androidx.lifecycle.ProcessLifecycleInitializer"
109-->[androidx.lifecycle:lifecycle-process:2.8.3] AndroidManifest.xml:30:17-78
110                android:value="androidx.startup" />
110-->[androidx.lifecycle:lifecycle-process:2.8.3] AndroidManifest.xml:31:17-49
111            <meta-data
111-->[androidx.profileinstaller:profileinstaller:1.3.1] AndroidManifest.xml:29:13-31:52
112                android:name="androidx.profileinstaller.ProfileInstallerInitializer"
112-->[androidx.profileinstaller:profileinstaller:1.3.1] AndroidManifest.xml:30:17-85
113                android:value="androidx.startup" />
113-->[androidx.profileinstaller:profileinstaller:1.3.1] AndroidManifest.xml:31:17-49
114        </provider>
115
116        <receiver
116-->[androidx.profileinstaller:profileinstaller:1.3.1] AndroidManifest.xml:34:9-52:20
117            android:name="androidx.profileinstaller.ProfileInstallReceiver"
117-->[androidx.profileinstaller:profileinstaller:1.3.1] AndroidManifest.xml:35:13-76
118            android:directBootAware="false"
118-->[androidx.profileinstaller:profileinstaller:1.3.1] AndroidManifest.xml:36:13-44
119            android:enabled="true"
119-->[androidx.profileinstaller:profileinstaller:1.3.1] AndroidManifest.xml:37:13-35
120            android:exported="true"
120-->[androidx.profileinstaller:profileinstaller:1.3.1] AndroidManifest.xml:38:13-36
121            android:permission="android.permission.DUMP" >
121-->[androidx.profileinstaller:profileinstaller:1.3.1] AndroidManifest.xml:39:13-57
122            <intent-filter>
122-->[androidx.profileinstaller:profileinstaller:1.3.1] AndroidManifest.xml:40:13-42:29
123                <action android:name="androidx.profileinstaller.action.INSTALL_PROFILE" />
123-->[androidx.profileinstaller:profileinstaller:1.3.1] AndroidManifest.xml:41:17-91
123-->[androidx.profileinstaller:profileinstaller:1.3.1] AndroidManifest.xml:41:25-88
124            </intent-filter>
125            <intent-filter>
125-->[androidx.profileinstaller:profileinstaller:1.3.1] AndroidManifest.xml:43:13-45:29
126                <action android:name="androidx.profileinstaller.action.SKIP_FILE" />
126-->[androidx.profileinstaller:profileinstaller:1.3.1] AndroidManifest.xml:44:17-85
126-->[androidx.profileinstaller:profileinstaller:1.3.1] AndroidManifest.xml:44:25-82
127            </intent-filter>
128            <intent-filter>
128-->[androidx.profileinstaller:profileinstaller:1.3.1] AndroidManifest.xml:46:13-48:29
129                <action android:name="androidx.profileinstaller.action.SAVE_PROFILE" />
129-->[androidx.profileinstaller:profileinstaller:1.3.1] AndroidManifest.xml:47:17-88
129-->[androidx.profileinstaller:profileinstaller:1.3.1] AndroidManifest.xml:47:25-85
130            </intent-filter>
131            <intent-filter>
131-->[androidx.profileinstaller:profileinstaller:1.3.1] AndroidManifest.xml:49:13-51:29
132                <action android:name="androidx.profileinstaller.action.BENCHMARK_OPERATION" />
132-->[androidx.profileinstaller:profileinstaller:1.3.1] AndroidManifest.xml:50:17-95
132-->[androidx.profileinstaller:profileinstaller:1.3.1] AndroidManifest.xml:50:25-92
133            </intent-filter>
134        </receiver>
135    </application>
136
137</manifest>